<?xml version="1.0" encoding="UTF-8" ?>
<testsuite errors="0" failures="0" hostname="buddhika-laptop" name="net.locale.sinhala.TimeZoneNameProvider_si_LKTest" tests="1" time="0.104" timestamp="2009-08-09T19:05:30">
  <properties>
    <property name="default.javac.source" value="1.6" />
    <property name="file.encoding.pkg" value="sun.io" />
    <property name="libs.toplink.maven-pom" value="" />
    <property name="javac.source" value="1.5" />
    <property name="netbeans.system_http_proxy" value="DIRECT" />
    <property name="java.home" value="/usr/lib/jvm/java-6-sun-1.6.0.14/jre" />
    <property name="test.src.dir" value="test" />
    <property name="libs.jaxws21.src" value="" />
    <property name="javadoc.version" value="false" />
    <property name="libs.CopyLibs.classpath" value="/usr/share/netbeans/6.5/java2/ant/extra/org-netbeans-modules-java-j2seproject-copylibstask.jar" />
    <property name="libs.javac-api.src" value="" />
    <property name="pythonplatform.Python_2.6.2.pythonlib" value="/home/buddhika/.netbeans/6.5:/usr/lib/python2.6:/usr/lib/python2.6/plat-linux2:/usr/lib/python2.6/lib-tk:/usr/lib/python2.6/lib-old:/usr/lib/python2.6/lib-dynload:/usr/lib/python2.6/dist-packages:/usr/lib/python2.6/dist-packages/PIL:/usr/lib/python2.6/dist-packages/gst-0.10:/var/lib/python-support/python2.6:/usr/lib/python2.6/dist-packages/gtk-2.0:/var/lib/python-support/python2.6/gtk-2.0:/usr/local/lib/python2.6/dist-packages" />
    <property name="java.endorsed.dirs" value="/usr/lib/jvm/java-6-sun-1.6.0.14/jre/lib/endorsed" />
    <property name="libs.MySQLDriver.classpath" value="/home/buddhika/.netbeans/6.5/modules/ext/mysql-connector-java-5.1.6-bin.jar" />
    <property name="libs.jaxb.javadoc" value="" />
    <property name="libs.junit.maven-pom" value="" />
    <property name="libs.PostgreSQLDriver.src" value="" />
    <property name="src.dir" value="src" />
    <property name="sun.java2d.noddraw" value="true" />
    <property name="nbplatform.default.harness.dir" value="/usr/share/netbeans/6.5/harness" />
    <property name="debug-args-line" value="-Xdebug" />
    <property name="netbeans.hash.code" value="unique=NBUBU0dc3a9b4c-427a-485e-be27-fe7e8295ec87_ee853fb7-a9cc-43d0-854d-c80a002345ac" />
    <property name="build.sysclasspath" value="ignore" />
    <property name="have.sources" value="true" />
    <property name="includes" value="**" />
    <property name="source.encoding" value="UTF-8" />
    <property name="libs.jaxws21.classpath" value="/home/buddhika/.netbeans/6.5/modules/ext/jaxb/activation.jar:/home/buddhika/.netbeans/6.5/modules/ext/jaxb/api/jaxb-api.jar:/home/buddhika/.netbeans/6.5/modules/ext/jaxb/jaxb-impl.jar:/home/buddhika/.netbeans/6.5/modules/ext/jaxb/jaxb-xjc.jar:/home/buddhika/.netbeans/6.5/modules/ext/jaxb/api/jsr173_api.jar:/home/buddhika/.netbeans/6.5/modules/ext/jaxws21/FastInfoset.jar:/home/buddhika/.netbeans/6.5/modules/ext/jaxws21/http.jar:/home/buddhika/.netbeans/6.5/modules/ext/jaxws21/api/jaxws-api.jar:/home/buddhika/.netbeans/6.5/modules/ext/jaxws21/jaxws-rt.jar:/home/buddhika/.netbeans/6.5/modules/ext/jaxws21/jaxws-tools.jar:/home/buddhika/.netbeans/6.5/modules/ext/jaxws21/api/jsr181-api.jar:/home/buddhika/.netbeans/6.5/modules/ext/jaxws21/api/jsr250-api.jar:/home/buddhika/.netbeans/6.5/modules/ext/jaxws21/mimepull.jar:/home/buddhika/.netbeans/6.5/modules/ext/jaxws21/resolver.jar:/home/buddhika/.netbeans/6.5/modules/ext/jaxws21/api/saaj-api.jar:/home/buddhika/.netbeans/6.5/modules/ext/jaxws21/saaj-impl.jar:/home/buddhika/.netbeans/6.5/modules/ext/jaxws21/sjsxp.jar:/home/buddhika/.netbeans/6.5/modules/ext/jaxws21/stax-ex.jar:/home/buddhika/.netbeans/6.5/modules/ext/jaxws21/streambuffer.jar" />
    <property name="libs.swing-app-framework.javadoc" value="" />
    <property name="sun.os.patch.level" value="unknown" />
    <property name="java.vendor.url" value="http://java.sun.com/" />
    <property name="java.version" value="1.6.0_14" />
    <property name="nb.show.statistics.ui" value="usageStatisticsEnabled" />
    <property name="javac.debug" value="true" />
    <property name="org.openide.major.version" value="IDE/1" />
    <property name="run.classpath" value=":build/classes" />
    <property name="libs.PostgreSQLDriver.maven-pom" value="" />
    <property name="java.vendor.url.bug" value="http://java.sun.com/cgi-bin/bugreport.cgi" />
    <property name="netbeans.autoupdate.variant" value="" />
    <property name="libs.absolutelayout.javadoc" value="" />
    <property name="libs.junit_4.maven-pom" value="" />
    <property name="netbeans.buildnumber" value="090407" />
    <property name="jna.platform.library.path" value="/usr/lib:/lib" />
    <property name="libs.swing-app-framework.maven-pom" value="" />
    <property name="user.name" value="buddhika" />
    <property name="sun.io.unicode.encoding" value="UnicodeLittle" />
    <property name="libs.jstl11.maven-pom" value="" />
    <property name="sun.jnu.encoding" value="UTF-8" />
    <property name="java.runtime.name" value="Java(TM) SE Runtime Environment" />
    <property name="application.vendor" value="buddhika" />
    <property name="php.global.include.path" value="" />
    <property name="jdk.home" value="/usr/lib/jvm/java-6-sun" />
    <property name="jspc.classpath" value="/usr/share/netbeans/6.5/java2/ant/lib/ant.jar:/home/buddhika/.netbeans/6.5/modules/ext/servlet2.5-jsp2.1-api.jar:${j2ee.platform.classpath}:/home/buddhika/.netbeans/6.5/modules/ext/glassfish-jspparser-2.0.jar:/home/buddhika/.netbeans/6.5/modules/ext/glassfish-logging-2.0.jar:/usr/share/netbeans/6.5/ide10/modules/ext/commons-logging-1.1.jar:/usr/share/netbeans/6.5/java2/ant/lib/ant-launcher.jar" />
    <property name="ant.file.SinhalaLocale-impl" value="/home/buddhika/NetBeansProjects/java_sinhalization/SinhalaLocale/nbproject/build-impl.xml" />
    <property name="netbeans.autoupdate.version" value="1.23" />
    <property name="org.openide.TopManager" value="org.netbeans.core.NonGui" />
    <property name="netbeans.dirs" value="/usr/share/netbeans/6.5/nb6.5:/usr/share/netbeans/6.5/ide10:/usr/share/netbeans/6.5/java2:/usr/share/netbeans/6.5/apisupport1:/usr/share/netbeans/6.5/harness:" />
    <property name="java.specification.name" value="Java Platform API Specification" />
    <property name="javadoc.author" value="false" />
    <property name="user.timezone" value="" />
    <property name="netbeans.system_http_non_proxy_hosts" value="" />
    <property name="libs.swing-layout.maven-pom" value="" />
    <property name="libs.junit.javadoc" value="" />
    <property name="org.openide.specification.version" value="6.2" />
    <property name="path.separator" value=":" />
    <property name="version-output" value="java version &quot;1.6" />
    <property name="libs.absolutelayout.classpath" value="/usr/share/netbeans/6.5/java2/modules/ext/AbsoluteLayout.jar" />
    <property name="libs.jaxb.maven-pom" value="" />
    <property name="file.encoding" value="UTF-8" />
    <property name="dist.javadoc.dir" value="dist/javadoc" />
    <property name="libs.jquery.scriptpath" value="/home/buddhika/.netbeans/6.5/modules/ext/javascript/jquery-1.2.6.zip" />
    <property name="https.nonProxyHosts" value="localhost|127.0.0.1|buddhika-laptop" />
    <property name="libs.junit.src" value="" />
    <property name="ant.file" value="/home/buddhika/NetBeansProjects/java_sinhalization/SinhalaLocale/build.xml" />
    <property name="subversion.native.library" value="/usr/lib/jni/libsvnjavahl-1.so" />
    <property name="libs.junit_4.src" value="" />
    <property name="netbeans.autoupdate.language" value="en" />
    <property name="java.io.tmpdir" value="/tmp" />
    <property name="build.test.results.dir" value="build/test/results" />
    <property name="user.language" value="en" />
    <property name="line.separator" value="
" />
    <property name="apple.laf.useScreenMenuBar" value="true" />
    <property name="libs.absolutelayout.src" value="" />
    <property name="javac.compilerargs" value="" />
    <property name="jar.compress" value="false" />
    <property name="debug-transport-by-os" value="dt_socket" />
    <property name="libs.JWSAntTasks.src" value="" />
    <property name="javac.compilerargs.jaxws" value="" />
    <property name="java.vm.info" value="mixed mode" />
    <property name="libs.javac-api.maven-pom" value="" />
    <property name="javadoc.private" value="false" />
    <property name="sun.desktop" value="gnome" />
    <property name="java.vm.specification.name" value="Java Virtual Machine Specification" />
    <property name="build.test.classes.dir" value="build/test/classes" />
    <property name="libs.jaxb.src" value="" />
    <property name="jaxws.endorsed.dir" value="/home/buddhika/.netbeans/6.5/modules/ext/jaxws21/api:/home/buddhika/.netbeans/6.5/modules/ext/jaxb/api" />
    <property name="libs.MySQLDriver.javadoc" value="" />
    <property name="netbeans.dynamic.classpath" value="/usr/share/netbeans/6.5/platform9/core/org-openide-filesystems.jar:/usr/share/netbeans/6.5/platform9/core/core.jar:/usr/share/netbeans/6.5/nb6.5/core/org-netbeans-upgrader.jar:/usr/share/netbeans/6.5/nb6.5/core/locale/core_nb.jar" />
    <property name="libs.beans-binding.javadoc" value="" />
    <property name="platform.active" value="default_platform" />
    <property name="http.nonProxyHosts" value="localhost|127.0.0.1|buddhika-laptop" />
    <property name="libs.junit_4.javadoc" value="" />
    <property name="netbeans.autoupdate.country" value="US" />
    <property name="libs.beans-binding.maven-pom" value="" />
    <property name="javadoc.encoding" value="UTF-8" />
    <property name="java.awt.printerjob" value="sun.print.PSPrinterJob" />
    <property name="dist.jar" value="dist/SinhalaLocale.jar" />
    <property name="meta.inf.dir" value="src/META-INF" />
    <property name="ant.version" value="Apache Ant version 1.7.1 compiled on November 10 2008" />
    <property name="netbeans.home" value="/usr/share/netbeans/6.5/platform9" />
    <property name="javadoc.nonavbar" value="false" />
    <property name="user.properties.file" value="/home/buddhika/.netbeans/6.5/build.properties" />
    <property name="libs.JWSAntTasks.classpath" value="/usr/share/netbeans/6.5/java2/ant/extra/org-netbeans-modules-javawebstart-anttasks.jar" />
    <property name="libs.toplink.classpath" value="/home/buddhika/.netbeans/6.5/modules/ext/toplink/toplink-essentials.jar:/home/buddhika/.netbeans/6.5/modules/ext/toplink/toplink-essentials-agent.jar" />
    <property name="netbeans.importclass" value="org.netbeans.upgrade.AutoUpgrade" />
    <property name="libs.CopyLibs.maven-pom" value="" />
    <property name="useJavaUtilZip" value="true" />
    <property name="build.generated.dir" value="build/generated" />
    <property name="netbeans.home+have.tests" value="true" />
    <property name="os.name" value="Linux" />
    <property name="java.specification.vendor" value="Sun Microsystems Inc." />
    <property name="run.test.classpath" value=":build/classes:/usr/share/netbeans/6.5/platform9/modules/ext/junit-4.5.jar:build/test/classes" />
    <property name="java.vm.name" value="Java HotSpot(TM) Server VM" />
    <property name="libs.CopyLibs.src" value="" />
    <property name="org.openide.version" value="deprecated" />
    <property name="libs.junit.classpath" value="/usr/share/netbeans/6.5/java2/modules/ext/junit-3.8.2.jar" />
    <property name="libs.beans-binding.src" value="" />
    <property name="java.library.path" value="/usr/lib/jvm/java-6-sun-1.6.0.14/jre/lib/i386/server:/usr/lib/jvm/java-6-sun-1.6.0.14/jre/lib/i386:/usr/lib/jvm/java-6-sun-1.6.0.14/jre/../lib/i386:/usr/lib/jvm/java-6-sun-1.6.0.14/jre/lib/i386/client:/usr/lib/jvm/java-6-sun-1.6.0.14/jre/lib/i386:/usr/lib/jvm/java-6-sun-1.6.0.14/jre/../lib/i386:/usr/java/packages/lib/i386:/lib:/usr/lib" />
    <property name="libs.PostgreSQLDriver.javadoc" value="" />
    <property name="libs.toplink.javadoc" value="" />
    <property name="ant.java.version" value="1.6" />
    <property name="basedir" value="/home/buddhika/NetBeansProjects/java_sinhalization/SinhalaLocale" />
    <property name="javadoc.noindex" value="false" />
    <property name="java.class.version" value="50.0" />
    <property name="sun.awt.exception.handler" value="org.netbeans.core.startup.TopLogging$AWTHandler" />
    <property name="javac.test.classpath" value=":build/classes:/usr/share/netbeans/6.5/platform9/modules/ext/junit-4.5.jar" />
    <property name="ant.home" value="/usr/share/netbeans/6.5/java2/ant" />
    <property name="javadoc.splitindex" value="true" />
    <property name="libs.toplink.src" value="" />
    <property name="libs.javac-api.javadoc" value="" />
    <property name="javadoc.preview" value="true" />
    <property name="libs.MySQLDriver.maven-pom" value="" />
    <property name="libs.CopyLibs.javadoc" value="" />
    <property name="libs.PostgreSQLDriver.classpath" value="/home/buddhika/.netbeans/6.5/modules/ext/postgresql-8.3-603.jdbc3.jar" />
    <property name="libs.jaxws21.maven-pom" value="" />
    <property name="libs.junit_4.classpath" value="/usr/share/netbeans/6.5/platform9/modules/ext/junit-4.5.jar" />
    <property name="build.dir" value="build" />
    <property name="sun.boot.library.path" value="/usr/lib/jvm/java-6-sun-1.6.0.14/jre/lib/i386" />
    <property name="application.title" value="SinhalaContextClasses" />
    <property name="sun.management.compiler" value="HotSpot Tiered Compilers" />
    <property name="libs.swing-app-framework.classpath" value="/usr/share/netbeans/6.5/java2/modules/ext/appframework-1.0.3.jar:/usr/share/netbeans/6.5/java2/modules/ext/swing-worker-1.1.jar" />
    <property name="java.awt.graphicsenv" value="sun.awt.X11GraphicsEnvironment" />
    <property name="javadoc.encoding.used" value="UTF-8" />
    <property name="javadoc.windowtitle" value="" />
    <property name="libs.jstl11.javadoc" value="" />
    <property name="run.jvmargs" value="" />
    <property name="build.compiler.emacs" value="true" />
    <property name="libs.jstl11.src" value="" />
    <property name="ant.project.name" value="SinhalaLocale" />
    <property name="libs.swing-layout.classpath" value="/usr/share/netbeans/6.5/platform9/modules/ext/swing-layout-1.0.3.jar" />
    <property name="java.vm.specification.version" value="1.0" />
    <property name="libs.jaxb.classpath" value="/home/buddhika/.netbeans/6.5/modules/ext/jaxb/activation.jar:/home/buddhika/.netbeans/6.5/modules/ext/jaxb/api/jaxb-api.jar:/home/buddhika/.netbeans/6.5/modules/ext/jaxb/jaxb-impl.jar:/home/buddhika/.netbeans/6.5/modules/ext/jaxb/jaxb-xjc.jar:/home/buddhika/.netbeans/6.5/modules/ext/jaxb/api/jsr173_api.jar" />
    <property name="work.dir" value="/home/buddhika/NetBeansProjects/java_sinhalization/SinhalaLocale" />
    <property name="javadoc.use" value="true" />
    <property name="sun.cpu.isalist" value="" />
    <property name="java.ext.dirs" value="/usr/lib/jvm/java-6-sun-1.6.0.14/jre/lib/ext:/usr/java/packages/lib/ext" />
    <property name="os.version" value="2.6.28-15-generic" />
    <property name="libs.jstl11.classpath" value="/home/buddhika/.netbeans/6.5/modules/ext/standard.jar:/home/buddhika/.netbeans/6.5/modules/ext/jstl.jar" />
    <property name="excludes" value="" />
    <property name="user.home" value="/home/buddhika" />
    <property name="org.xml.sax.driver" value="com.sun.org.apache.xerces.internal.jaxp.SAXParserImpl$JAXPSAXParser" />
    <property name="pythonplatform.Python_2.6.2.interpreter" value="/usr/bin/python" />
    <property name="java.vm.vendor" value="Sun Microsystems Inc." />
    <property name="libs.absolutelayout.maven-pom" value="" />
    <property name="org.openide.TopManager.GUI" value="true" />
    <property name="user.dir" value="/home/buddhika/NetBeansProjects/java_sinhalization/SinhalaLocale" />
    <property name="debug-transport" value="dt_socket" />
    <property name="application.args" value="" />
    <property name="sun.cpu.endian" value="little" />
    <property name="pythonplatform.Python_2.6.2.args" value="-u" />
    <property name="java.vm.version" value="14.0-b16" />
    <property name="libs.MySQLDriver.src" value="" />
    <property name="java.class.path" value="/home/buddhika/NetBeansProjects/java_sinhalization/SinhalaLocale/build/classes:/usr/share/netbeans/6.5/platform9/modules/ext/junit-4.5.jar:/home/buddhika/NetBeansProjects/java_sinhalization/SinhalaLocale/build/test/classes:/usr/share/netbeans/6.5/java2/ant/lib/junit.jar:/usr/share/netbeans/6.5/java2/ant/lib/ant-launcher.jar:/usr/share/netbeans/6.5/java2/ant/lib/ant.jar:/usr/share/netbeans/6.5/java2/ant/lib/ant-junit.jar" />
    <property name="os.arch" value="i386" />
    <property name="javac.deprecation" value="false" />
    <property name="pythonplatform.Python_2.6.2.name" value="Python 2.6.2" />
    <property name="nbplatform.default.netbeans.dest.dir" value="/usr/share/netbeans/6.5" />
    <property name="build.classes.excludes" value="**/*.java,**/*.form" />
    <property name="dist.dir" value="dist" />
    <property name="ant.file.SinhalaLocale" value="/home/buddhika/NetBeansProjects/java_sinhalization/SinhalaLocale/build.xml" />
    <property name="netbeans.user" value="/home/buddhika/.netbeans/6.5" />
    <property name="debug.classpath" value=":build/classes" />
    <property name="sun.java.launcher" value="SUN_STANDARD" />
    <property name="ant.core.lib" value="/usr/share/netbeans/6.5/java2/ant/lib/ant.jar" />
    <property name="java.vm.specification.vendor" value="Sun Microsystems Inc." />
    <property name="do.depend" value="false" />
    <property name="file.separator" value="/" />
    <property name="java.runtime.version" value="1.6.0_14-b08" />
    <property name="sun.boot.class.path" value="/usr/lib/jvm/java-6-sun-1.6.0.14/jre/lib/resources.jar:/usr/lib/jvm/java-6-sun-1.6.0.14/jre/lib/rt.jar:/usr/lib/jvm/java-6-sun-1.6.0.14/jre/lib/sunrsasign.jar:/usr/lib/jvm/java-6-sun-1.6.0.14/jre/lib/jsse.jar:/usr/lib/jvm/java-6-sun-1.6.0.14/jre/lib/jce.jar:/usr/lib/jvm/java-6-sun-1.6.0.14/jre/lib/charsets.jar:/usr/lib/jvm/java-6-sun-1.6.0.14/jre/classes" />
    <property name="debug.test.classpath" value=":build/classes:/usr/share/netbeans/6.5/platform9/modules/ext/junit-4.5.jar:build/test/classes" />
    <property name="libs.beans-binding.classpath" value="/usr/share/netbeans/6.5/java2/modules/ext/beansbinding-1.2.1.jar" />
    <property name="jspctask.classpath" value="/home/buddhika/.netbeans/6.5/ant/extra/jspcompile.jar" />
    <property name="have.tests" value="true" />
    <property name="libs.JWSAntTasks.maven-pom" value="" />
    <property name="java.util.logging.config.class" value="org.netbeans.core.startup.TopLogging" />
    <property name="libs.javac-api.classpath" value="/usr/share/netbeans/6.5/java2/modules/ext/javac-api-nb-7.0-b07.jar" />
    <property name="pythonplatform.Python_2.6.2.console" value="/usr/bin/python" />
    <property name="user.country" value="US" />
    <property name="javadoc.notree" value="false" />
    <property name="libs.jaxws21.javadoc" value="/home/buddhika/.netbeans/6.5/docs/jaxws-2_1-api-doc.zip" />
    <property name="default.javac.target" value="1.6" />
    <property name="javadoc.additionalparam" value="" />
    <property name="javac.classpath" value="" />
    <property name="build.classes.dir" value="build/classes" />
    <property name="libs.swing-layout.src" value="" />
    <property name="libs.swing-layout.javadoc" value="" />
    <property name="javac.target" value="1.5" />
    <property name="java.vendor" value="Sun Microsystems Inc." />
    <property name="libs.swing-app-framework.src" value="" />
    <property name="java.specification.version" value="1.6" />
    <property name="libs.JWSAntTasks.javadoc" value="" />
    <property name="sun.arch.data.model" value="32" />
  </properties>
  <testcase classname="net.locale.sinhala.TimeZoneNameProvider_si_LKTest" name="testGetDisplayName" time="0.0050" />
  <system-out><![CDATA[getDisplayName
]]></system-out>
  <system-err><![CDATA[]]></system-err>
</testsuite>
